0 info it worked if it ends with ok
1 verbose cli [ '/usr/bin/node',
1 verbose cli   '/usr/bin/npm',
1 verbose cli   'install',
1 verbose cli   '-g',
1 verbose cli   'generator-polymer' ]
2 info using npm@1.4.28
3 info using node@v0.10.32
4 verbose node symlink /usr/bin/node
5 verbose cache add [ 'generator-polymer', null ]
6 verbose cache add name=undefined spec="generator-polymer" args=["generator-polymer",null]
7 verbose parsed url { protocol: null,
7 verbose parsed url   slashes: null,
7 verbose parsed url   auth: null,
7 verbose parsed url   host: null,
7 verbose parsed url   port: null,
7 verbose parsed url   hostname: null,
7 verbose parsed url   hash: null,
7 verbose parsed url   search: null,
7 verbose parsed url   query: null,
7 verbose parsed url   pathname: 'generator-polymer',
7 verbose parsed url   path: 'generator-polymer',
7 verbose parsed url   href: 'generator-polymer' }
8 silly lockFile a2821494-generator-polymer generator-polymer
9 verbose lock generator-polymer /home/yanik/.npm/a2821494-generator-polymer.lock
10 silly lockFile a2821494-generator-polymer generator-polymer
11 silly lockFile a2821494-generator-polymer generator-polymer
12 verbose addNamed [ 'generator-polymer', '' ]
13 verbose addNamed [ null, '*' ]
14 silly lockFile ecf1afb7-generator-polymer generator-polymer@
15 verbose lock generator-polymer@ /home/yanik/.npm/ecf1afb7-generator-polymer.lock
16 silly addNameRange { name: 'generator-polymer', range: '*', hasData: false }
17 verbose request where is /generator-polymer
18 verbose request registry https://registry.npmjs.org/
19 verbose request id af53b56ff828ab30
20 verbose url raw /generator-polymer
21 verbose url resolving [ 'https://registry.npmjs.org/', './generator-polymer' ]
22 verbose url resolved https://registry.npmjs.org/generator-polymer
23 verbose request where is https://registry.npmjs.org/generator-polymer
24 info trying registry request attempt 1 at 22:52:51
25 http GET https://registry.npmjs.org/generator-polymer
26 http 200 https://registry.npmjs.org/generator-polymer
27 silly registry.get cb [ 200,
27 silly registry.get   { date: 'Wed, 22 Oct 2014 20:52:52 GMT',
27 silly registry.get     server: 'CouchDB/1.5.0 (Erlang OTP/R16B03)',
27 silly registry.get     etag: '"4JEHVG2X1ESBO1Z2IHB6XJYEM"',
27 silly registry.get     'content-type': 'application/json',
27 silly registry.get     'cache-control': 'max-age=60',
27 silly registry.get     'content-length': '28833',
27 silly registry.get     'accept-ranges': 'bytes',
27 silly registry.get     via: '1.1 varnish',
27 silly registry.get     age: '0',
27 silly registry.get     'x-served-by': 'cache-ams4125-AMS',
27 silly registry.get     'x-cache': 'MISS',
27 silly registry.get     'x-cache-hits': '0',
27 silly registry.get     'x-timer': 'S1414011171.704024,VS0,VE791',
27 silly registry.get     vary: 'Accept',
27 silly registry.get     'keep-alive': 'timeout=10, max=50',
27 silly registry.get     connection: 'Keep-Alive' } ]
28 silly addNameRange number 2 { name: 'generator-polymer', range: '*', hasData: true }
29 silly addNameRange versions [ 'generator-polymer',
29 silly addNameRange   [ '0.0.2',
29 silly addNameRange     '0.0.3',
29 silly addNameRange     '0.0.4',
29 silly addNameRange     '0.0.5',
29 silly addNameRange     '0.0.6',
29 silly addNameRange     '0.0.7',
29 silly addNameRange     '0.0.8',
29 silly addNameRange     '0.0.9',
29 silly addNameRange     '0.1.1',
29 silly addNameRange     '0.2.2',
29 silly addNameRange     '0.3.0',
29 silly addNameRange     '0.3.1',
29 silly addNameRange     '0.4.0-1',
29 silly addNameRange     '0.4.0',
29 silly addNameRange     '0.4.1',
29 silly addNameRange     '0.5.0',
29 silly addNameRange     '0.5.1' ] ]
30 verbose addNamed [ 'generator-polymer', '0.5.1' ]
31 verbose addNamed [ '0.5.1', '0.5.1' ]
32 silly lockFile dc3271e4-generator-polymer-0-5-1 generator-polymer@0.5.1
33 verbose lock generator-polymer@0.5.1 /home/yanik/.npm/dc3271e4-generator-polymer-0-5-1.lock
34 silly lockFile 09e97f7f-ymer-generator-polymer-0-5-1-tgz https://registry.npmjs.org/generator-polymer/-/generator-polymer-0.5.1.tgz
35 verbose lock https://registry.npmjs.org/generator-polymer/-/generator-polymer-0.5.1.tgz /home/yanik/.npm/09e97f7f-ymer-generator-polymer-0-5-1-tgz.lock
36 verbose addRemoteTarball [ 'https://registry.npmjs.org/generator-polymer/-/generator-polymer-0.5.1.tgz',
36 verbose addRemoteTarball   '22dad7b5f54f4d8813e0088b915ef4e432142410' ]
37 info retry fetch attempt 1 at 22:52:52
38 verbose fetch to= /tmp/npm-17588-gcRBHYGf/registry.npmjs.org/generator-polymer/-/generator-polymer-0.5.1.tgz
39 http GET https://registry.npmjs.org/generator-polymer/-/generator-polymer-0.5.1.tgz
40 http 200 https://registry.npmjs.org/generator-polymer/-/generator-polymer-0.5.1.tgz
41 silly lockFile 09e97f7f-ymer-generator-polymer-0-5-1-tgz https://registry.npmjs.org/generator-polymer/-/generator-polymer-0.5.1.tgz
42 silly lockFile 09e97f7f-ymer-generator-polymer-0-5-1-tgz https://registry.npmjs.org/generator-polymer/-/generator-polymer-0.5.1.tgz
43 silly lockFile dc3271e4-generator-polymer-0-5-1 generator-polymer@0.5.1
44 silly lockFile dc3271e4-generator-polymer-0-5-1 generator-polymer@0.5.1
45 silly lockFile ecf1afb7-generator-polymer generator-polymer@
46 silly lockFile ecf1afb7-generator-polymer generator-polymer@
47 silly resolved [ { name: 'generator-polymer',
47 silly resolved     version: '0.5.1',
47 silly resolved     description: 'Yeoman generator for Polymer',
47 silly resolved     keywords: [ 'yeoman-generator', 'scaffold', 'framework', 'mvc', 'polymer' ],
47 silly resolved     homepage: 'https://github.com/yeoman/generator-polymer',
47 silly resolved     bugs: { url: 'https://github.com/yeoman/generator-polymer/issues' },
47 silly resolved     author: { name: 'Chrome Developer Relations' },
47 silly resolved     main: 'app/index.js',
47 silly resolved     repository:
47 silly resolved      { type: 'git',
47 silly resolved        url: 'git://github.com/yeoman/generator-polymer.git' },
47 silly resolved     scripts: { test: 'mocha --reporter spec' },
47 silly resolved     dependencies:
47 silly resolved      { chalk: '^0.5.1',
47 silly resolved        lodash: '^2.4.1',
47 silly resolved        ncp: '^0.6.0',
47 silly resolved        rimraf: '^2.2.8',
47 silly resolved        'underscore.string': '^2.3.3',
47 silly resolved        'yeoman-generator': '^0.17.2',
47 silly resolved        yosay: '^1.0.0' },
47 silly resolved     peerDependencies: { 'generator-mocha': '>=0.1.3', yo: '>=1.0.0' },
47 silly resolved     devDependencies: { mocha: '*' },
47 silly resolved     engines: { node: '>=0.10.0', npm: '>=1.2.10' },
47 silly resolved     licenses: [ [Object] ],
47 silly resolved     gitHead: '9333f92cabd9e87b261d55792a89ff5f3dbc72e3',
47 silly resolved     _id: 'generator-polymer@0.5.1',
47 silly resolved     _shasum: '22dad7b5f54f4d8813e0088b915ef4e432142410',
47 silly resolved     _from: 'generator-polymer@',
47 silly resolved     _npmVersion: '1.4.14',
47 silly resolved     _npmUser: { name: 'robdodson', email: 'lets.email.rob@gmail.com' },
47 silly resolved     maintainers: [ [Object], [Object], [Object], [Object], [Object], [Object] ],
47 silly resolved     dist:
47 silly resolved      { shasum: '22dad7b5f54f4d8813e0088b915ef4e432142410',
47 silly resolved        tarball: 'http://registry.npmjs.org/generator-polymer/-/generator-polymer-0.5.1.tgz' },
47 silly resolved     directories: {},
47 silly resolved     _resolved: 'https://registry.npmjs.org/generator-polymer/-/generator-polymer-0.5.1.tgz' } ]
48 info install generator-polymer@0.5.1 into /usr/lib
49 info installOne generator-polymer@0.5.1
50 verbose lib/node_modules/generator-polymer unbuild
51 verbose tar unpack /home/yanik/.npm/generator-polymer/0.5.1/package.tgz
52 silly lockFile c09d67f3-b-node-modules-generator-polymer tar:///usr/lib/node_modules/generator-polymer
53 verbose lock tar:///usr/lib/node_modules/generator-polymer /home/yanik/.npm/c09d67f3-b-node-modules-generator-polymer.lock
54 silly lockFile 7de2bc94-erator-polymer-0-5-1-package-tgz tar:///home/yanik/.npm/generator-polymer/0.5.1/package.tgz
55 verbose lock tar:///home/yanik/.npm/generator-polymer/0.5.1/package.tgz /home/yanik/.npm/7de2bc94-erator-polymer-0-5-1-package-tgz.lock
56 silly gunzTarPerm modes [ '775', '664' ]
57 error Error: EACCES, mkdir '/usr/lib/node_modules/generator-polymer'
57 error  { [Error: EACCES, mkdir '/usr/lib/node_modules/generator-polymer']
57 error   errno: 3,
57 error   code: 'EACCES',
57 error   path: '/usr/lib/node_modules/generator-polymer',
57 error   fstream_type: 'Directory',
57 error   fstream_path: '/usr/lib/node_modules/generator-polymer',
57 error   fstream_class: 'DirWriter',
57 error   fstream_stack:
57 error    [ '/usr/lib/node_modules/npm/node_modules/fstream/lib/dir-writer.js:36:23',
57 error      '/usr/lib/node_modules/npm/node_modules/mkdirp/index.js:46:53',
57 error      'Object.oncomplete (fs.js:107:15)' ] }
58 error Please try running this command again as root/Administrator.
59 error System Linux 3.2.0-51-generic-pae
60 error command "/usr/bin/node" "/usr/bin/npm" "install" "-g" "generator-polymer"
61 error cwd /home/yanik/Projects/d2hc
62 error node -v v0.10.32
63 error npm -v 1.4.28
64 error path /usr/lib/node_modules/generator-polymer
65 error fstream_path /usr/lib/node_modules/generator-polymer
66 error fstream_type Directory
67 error fstream_class DirWriter
68 error code EACCES
69 error errno 3
70 error stack Error: EACCES, mkdir '/usr/lib/node_modules/generator-polymer'
71 error fstream_stack /usr/lib/node_modules/npm/node_modules/fstream/lib/dir-writer.js:36:23
71 error fstream_stack /usr/lib/node_modules/npm/node_modules/mkdirp/index.js:46:53
71 error fstream_stack Object.oncomplete (fs.js:107:15)
72 verbose exit [ 3, true ]
